Image sequence variable is: 2021-12-03_run1_26C
Present working directory is: /xdisk/rpalaniv/cedar/cv/images/processed_tifs_camera_one_missing/2021-12-03_run1_26C/2021-12-03_run1_26C_stabilized_images

Processing /xdisk/rpalaniv/cedar/cv/images/processed_tifs_camera_one_missing/2021-12-03_run1_26C/2021-12-03_run1_26C_stabilized_images
Converting
THIS IS THE BASH SCRIPT
2021-12-03_run1_26C

Processing well_A4

Processing well_A5

Processing well_A6

Processing well_B3

Processing well_B4

Processing well_B5

Processing well_C1

Processing well_C2

Processing well_C3

Processing well_C4

Processing well_C6

Processing well_D4

Processing well_D5
Detailed performance metrics for this job will be available at https://metrics.hpc.arizona.edu/#job_viewer?action=show&realm=SUPREMM&resource_id=73&local_job_id=8436689 by 8am on 2023/10/20.
